<?xml version="1.0" encoding="UTF-8"?>
<!-- Generated by org.testng.reporters.JUnitReportReporter -->
<testsuite hostname="DESKTOP-HKETC8G" failures="0" tests="1" name="TestCase.VerifyLoginTestCase" time="7.963" errors="0" timestamp="2023-05-15T12:37:19 IST" skipped="0">
  <testcase classname="TestCase.VerifyLoginTestCase" name="login" time="7.963"/>
  <system-out/>
</testsuite> <!-- TestCase.VerifyLoginTestCase -->
